[0330/075033:ERROR:process_reader_win.cc(141)] SuspendThread: Acesso negado. (0x5)
[0330/075033:ERROR:exception_snapshot_win.cc(56)] thread ID 5128 not found in process
[0330/075033:WARNING:crash_report_exception_handler.cc(60)] ProcessSnapshotWin::InitializeException failed
[0330/075035:ERROR:exception_snapshot_win.cc(56)] thread ID 5608 not found in process
[0330/075035:WARNING:crash_report_exception_handler.cc(60)] ProcessSnapshotWin::InitializeException failed
[0330/075035:ERROR:scoped_process_suspend.cc(29)] NtSuspendProcess, ntstatus=-1073741558
[0330/075035:ERROR:process_info.cc(103)] ReadProcessMemory bool __cdecl crashpad::`anonymous-namespace'::ReadStruct<struct crashpad::process_types::PEB<struct crashpad::process_types::internal::Traits32>>(void *,unsigned __int64,struct crashpad::process_types::PEB<struct crashpad::process_types::internal::Traits32> *): Somente uma parte de um pedido ReadProcessMemory ou WriteProcessMemory foi concluída. (0x12B)
[0330/075035:ERROR:process_info.cc(542)] ReadProcessData failed
[0330/075035:ERROR:process_info.cc(608)] range at 0x7ffdb000, size 0x230 fully unreadable
[0330/075035:ERROR:process_reader_win.cc(232)] ReadMemory at 0x7ffdb000 of 560 bytes failed: Somente uma parte de um pedido ReadProcessMemory ou WriteProcessMemory foi concluída. (0x12B)
[0330/075035:ERROR:process_snapshot_win.cc(271)] ReadMemory PEB
[0330/075035:ERROR:process_reader_win.cc(98)] process 5620 not found
[0330/075035:ERROR:process_reader_win.cc(232)] ReadMemory at 0xf2c154 of 12 bytes failed: Somente uma parte de um pedido ReadProcessMemory ou WriteProcessMemory foi concluída. (0x12B)
[0330/075035:WARNING:process_snapshot_win.cc(89)] ReadMemory ExceptionInformation failed
[0330/075035:WARNING:crash_report_exception_handler.cc(60)] ProcessSnapshotWin::InitializeException failed
[0330/075035:ERROR:scoped_process_suspend.cc(38)] NtResumeProcess, ntstatus=-1073741558
[0330/075035:ERROR:exception_snapshot_win.cc(56)] thread ID 5772 not found in process
[0330/075035:WARNING:crash_report_exception_handler.cc(60)] ProcessSnapshotWin::InitializeException failed
[0331/080435:ERROR:scoped_process_suspend.cc(29)] NtSuspendProcess, ntstatus=-1073741558
[0331/080435:ERROR:process_info.cc(103)] ReadProcessMemory bool __cdecl crashpad::`anonymous-namespace'::ReadStruct<struct crashpad::process_types::PEB<struct crashpad::process_types::internal::Traits32>>(void *,unsigned __int64,struct crashpad::process_types::PEB<struct crashpad::process_types::internal::Traits32> *): Somente uma parte de um pedido ReadProcessMemory ou WriteProcessMemory foi concluída. (0x12B)
[0331/080435:ERROR:process_info.cc(542)] ReadProcessData failed
[0331/080435:ERROR:process_info.cc(608)] range at 0x7ffdb000, size 0x230 fully unreadable
[0331/080435:ERROR:process_reader_win.cc(232)] ReadMemory at 0x7ffdb000 of 560 bytes failed: Somente uma parte de um pedido ReadProcessMemory ou WriteProcessMemory foi concluída. (0x12B)
[0331/080435:ERROR:process_snapshot_win.cc(271)] ReadMemory PEB
[0331/080435:ERROR:process_reader_win.cc(98)] process 3816 not found
[0331/080435:ERROR:process_reader_win.cc(232)] ReadMemory at 0xffc154 of 12 bytes failed: Somente uma parte de um pedido ReadProcessMemory ou WriteProcessMemory foi concluída. (0x12B)
[0331/080435:WARNING:process_snapshot_win.cc(89)] ReadMemory ExceptionInformation failed
[0331/080435:WARNING:crash_report_exception_handler.cc(60)] ProcessSnapshotWin::InitializeException failed
[0331/080435:ERROR:scoped_process_suspend.cc(38)] NtResumeProcess, ntstatus=-1073741558
